<?xml version="1.0" encoding="UTF-8"?>
<testsuite xmlns:xsi="http://www.w3.org/2001/XMLSchema-instance" xsi:noNamespaceSchemaLocation="https://maven.apache.org/surefire/maven-surefire-plugin/xsd/surefire-test-report-3.0.xsd" version="3.0" name="TestSuite" time="1.729" tests="1" errors="0" skipped="0" failures="0">
  <properties>
[...]
</properties>
  <testcase name="runScenario[&quot;Home page default login page regression&quot;, &quot;Application login&quot;](1)" classname="cucumberOptions.TestNGTestRunner" time="0.14">
    <system-out><![CDATA[
@regressionTest @smokeTest
Scenario: Home page default login page regression         # src/test/java/features/Login.feature:9
  Given validate the browser                              # stepDefinations.stepDefination.validate_the_browser()
  When browser is triggered                               # stepDefinations.stepDefination.browser_is_triggered()
  Then check if browser is started                        # stepDefinations.stepDefination.check_if_browser_is_started()
  Given user is on landing page                           # stepDefinations.stepDefination.user_is_on_Landing_page()
  When user enter the "anwesh" and "password" credentials # stepDefinations.stepDefination.user_enter_the_and_credentials(java.lang.String,java.lang.String)
  And clicks on login button                              # stepDefinations.stepDefination.clicks_on_login_button()
  Then User lands on Home page is "False"                 # stepDefinations.stepDefination.user_lands_on_home_page_is(java.lang.String)
]]></system-out>
    <system-err><![CDATA[SLF4J: Failed to load class "org.slf4j.impl.StaticLoggerBinder".
SLF4J: Defaulting to no-operation (NOP) logger implementation
SLF4J: See http://www.slf4j.org/codes.html#StaticLoggerBinder for further details.
]]></system-err>
  </testcase>
</testsuite>