<?xml version="1.0" encoding="UTF-8"?>
<!-- Generated by org.testng.reporters.JUnitXMLReporter -->
<testsuite ignored="0" hostname="USHYDANWRED8" failures="0" tests="4" name="Test" time="6.82" errors="0" timestamp="2024-09-09T12:26:20 IST">
  <testcase classname="AutomationTestingTraining.Basics.SumValidation" name="SumOfCourses" time="1.605"/>
  <testcase classname="AutomationTestingTraining.Basics.HandlingdynamicJsonpayloads" name="addBook" time="3.452"/>
  <testcase classname="AutomationTestingTraining.Basics.HandlingdynamicJsonpayloads" name="addBook" time="1.012"/>
  <testcase classname="AutomationTestingTraining.Basics.HandlingdynamicJsonpayloads" name="addBook" time="0.695"/>
</testsuite> <!-- Test -->
