<?xml version="1.0" encoding="UTF-8"?>
<testng-results ignored="0" total="1" passed="1" failed="0" skipped="0">
  <reporter-output>
  </reporter-output>
  <suite started-at="2024-09-09T22:11:47 IST" name="Default suite" finished-at="2024-09-09T22:11:47 IST" duration-ms="47">
    <groups>
    </groups>
    <test started-at="2024-09-09T22:11:47 IST" name="Default test" finished-at="2024-09-09T22:11:47 IST" duration-ms="47">
      <class name="AutomationTestingTraining.ProgramsAndCollections.Palindrome">
        <test-method signature="palindrome()[pri:0, instance:AutomationTestingTraining.ProgramsAndCollections.Palindrome@2cb4893b]" started-at="2024-09-09T22:11:47 IST" name="palindrome" finished-at="2024-09-09T22:11:47 IST" duration-ms="8" status="PASS">
          <reporter-output>
          </reporter-output>
        </test-method> <!-- palindrome -->
      </class> <!-- AutomationTestingTraining.ProgramsAndCollections.Palindrome -->
    </test> <!-- Default test -->
  </suite> <!-- Default suite -->
</testng-results>
